2026-01-09 19:58:23,949 -INFO -LoggingUtils -Line[36]: name.find(voice.mp3) : -1
2026-01-09 19:58:23,950 -INFO -LoggingUtils -Line[36]: ClientUtils.is_xp() : False
2026-01-09 19:58:23,951 -INFO -LoggingUtils -Line[36]: name.find(voice.mp3) : -1
2026-01-09 19:58:23,951 -INFO -LoggingUtils -Line[36]: ClientUtils.is_xp() : False
2026-01-09 19:58:23,952 -INFO -LoggingUtils -Line[36]: name.find(voice.mp3) : -1
2026-01-09 19:58:23,952 -INFO -LoggingUtils -Line[36]: ClientUtils.is_xp() : False
2026-01-09 19:58:23,953 -INFO -LoggingUtils -Line[36]: name.find(voice.mp3) : -1
2026-01-09 19:58:23,953 -INFO -LoggingUtils -Line[36]: ClientUtils.is_xp() : False
2026-01-09 19:58:23,955 -INFO -LoggingUtils -Line[36]: name.find(voice.mp3) : -1
2026-01-09 19:58:23,955 -INFO -LoggingUtils -Line[36]: ClientUtils.is_xp() : False
2026-01-09 19:58:23,956 -INFO -LoggingUtils -Line[36]: name.find(voice.mp3) : -1
2026-01-09 19:58:23,956 -INFO -LoggingUtils -Line[36]: ClientUtils.is_xp() : False
2026-01-09 19:58:23,957 -INFO -LoggingUtils -Line[36]: name.find(voice.mp3) : -1
2026-01-09 19:58:23,957 -INFO -LoggingUtils -Line[36]: ClientUtils.is_xp() : False
2026-01-09 19:58:23,958 -INFO -LoggingUtils -Line[36]: name.find(voice.mp3) : -1
2026-01-09 19:58:23,958 -INFO -LoggingUtils -Line[36]: ClientUtils.is_xp() : False
2026-01-09 19:58:23,959 -INFO -LoggingUtils -Line[36]: name.find(voice.mp3) : -1
2026-01-09 19:58:23,960 -INFO -LoggingUtils -Line[36]: ClientUtils.is_xp() : False
2026-01-09 19:58:23,961 -INFO -LoggingUtils -Line[36]: name.find(voice.mp3) : -1
2026-01-09 19:58:23,961 -INFO -LoggingUtils -Line[36]: ClientUtils.is_xp() : False
2026-01-09 19:58:23,962 -INFO -LoggingUtils -Line[36]: name.find(voice.mp3) : -1
2026-01-09 19:58:23,962 -INFO -LoggingUtils -Line[36]: ClientUtils.is_xp() : False
2026-01-09 19:58:23,963 -INFO -LoggingUtils -Line[36]: name.find(voice.mp3) : -1
2026-01-09 19:58:23,963 -INFO -LoggingUtils -Line[36]: ClientUtils.is_xp() : False
2026-01-09 19:58:23,964 -INFO -LoggingUtils -Line[36]: name.find(voice.mp3) : -1
2026-01-09 19:58:23,964 -INFO -LoggingUtils -Line[36]: ClientUtils.is_xp() : False
2026-01-09 19:58:23,965 -INFO -LoggingUtils -Line[36]: name.find(voice.mp3) : -1
2026-01-09 19:58:23,966 -INFO -LoggingUtils -Line[36]: ClientUtils.is_xp() : False
2026-01-09 19:58:23,967 -INFO -LoggingUtils -Line[36]: name.find(voice.mp3) : -1
2026-01-09 19:58:23,967 -INFO -LoggingUtils -Line[36]: ClientUtils.is_xp() : False
2026-01-09 19:58:23,968 -INFO -LoggingUtils -Line[36]: name.find(voice.mp3) : -1
2026-01-09 19:58:23,968 -INFO -LoggingUtils -Line[36]: ClientUtils.is_xp() : False
2026-01-09 19:58:23,969 -INFO -LoggingUtils -Line[36]: name.find(voice.mp3) : -1
2026-01-09 19:58:23,969 -INFO -LoggingUtils -Line[36]: ClientUtils.is_xp() : False
2026-01-09 19:58:23,970 -INFO -LoggingUtils -Line[36]: name.find(voice.mp3) : -1
2026-01-09 19:58:23,970 -INFO -LoggingUtils -Line[36]: ClientUtils.is_xp() : False
2026-01-09 19:58:23,971 -INFO -LoggingUtils -Line[36]: name.find(voice.mp3) : -1
2026-01-09 19:58:23,971 -INFO -LoggingUtils -Line[36]: ClientUtils.is_xp() : False
2026-01-09 19:58:23,973 -INFO -LoggingUtils -Line[36]: name.find(voice.mp3) : -1
2026-01-09 19:58:23,973 -INFO -LoggingUtils -Line[36]: ClientUtils.is_xp() : False
2026-01-09 19:58:23,974 -INFO -LoggingUtils -Line[36]: name.find(voice.mp3) : -1
2026-01-09 19:58:23,974 -INFO -LoggingUtils -Line[36]: ClientUtils.is_xp() : False
2026-01-09 19:58:23,976 -INFO -LoggingUtils -Line[36]: name.find(voice.mp3) : -1
2026-01-09 19:58:23,976 -INFO -LoggingUtils -Line[36]: ClientUtils.is_xp() : False
2026-01-09 19:58:23,977 -INFO -LoggingUtils -Line[36]: name.find(voice.mp3) : -1
2026-01-09 19:58:23,977 -INFO -LoggingUtils -Line[36]: ClientUtils.is_xp() : False
2026-01-09 19:58:23,978 -INFO -LoggingUtils -Line[36]: name.find(voice.mp3) : -1
2026-01-09 19:58:23,978 -INFO -LoggingUtils -Line[36]: ClientUtils.is_xp() : False
2026-01-09 19:58:23,979 -INFO -LoggingUtils -Line[36]: name.find(voice.mp3) : -1
2026-01-09 19:58:23,979 -INFO -LoggingUtils -Line[36]: ClientUtils.is_xp() : False
2026-01-09 19:58:23,980 -INFO -LoggingUtils -Line[36]: name.find(voice.mp3) : -1
2026-01-09 19:58:23,980 -INFO -LoggingUtils -Line[36]: ClientUtils.is_xp() : False
2026-01-09 19:58:23,981 -INFO -LoggingUtils -Line[36]: name.find(voice.mp3) : -1
2026-01-09 19:58:23,982 -INFO -LoggingUtils -Line[36]: ClientUtils.is_xp() : False
2026-01-09 19:58:23,983 -INFO -LoggingUtils -Line[36]: name.find(voice.mp3) : -1
2026-01-09 19:58:23,983 -INFO -LoggingUtils -Line[36]: ClientUtils.is_xp() : False
2026-01-09 19:58:23,984 -INFO -LoggingUtils -Line[36]: name.find(voice.mp3) : -1
2026-01-09 19:58:23,984 -INFO -LoggingUtils -Line[36]: ClientUtils.is_xp() : False
2026-01-09 19:58:23,985 -INFO -LoggingUtils -Line[36]: name.find(voice.mp3) : -1
2026-01-09 19:58:23,985 -INFO -LoggingUtils -Line[36]: ClientUtils.is_xp() : False
2026-01-09 19:58:23,986 -INFO -LoggingUtils -Line[36]: name.find(voice.mp3) : -1
2026-01-09 19:58:23,986 -INFO -LoggingUtils -Line[36]: ClientUtils.is_xp() : False
2026-01-09 19:58:23,988 -INFO -LoggingUtils -Line[36]: name.find(voice.mp3) : -1
2026-01-09 19:58:23,988 -INFO -LoggingUtils -Line[36]: ClientUtils.is_xp() : False
2026-01-09 19:58:23,989 -INFO -LoggingUtils -Line[36]: name.find(voice.mp3) : -1
2026-01-09 19:58:23,989 -INFO -LoggingUtils -Line[36]: ClientUtils.is_xp() : False
2026-01-09 19:58:23,990 -INFO -LoggingUtils -Line[36]: name.find(voice.mp3) : -1
2026-01-09 19:58:23,990 -INFO -LoggingUtils -Line[36]: ClientUtils.is_xp() : False
2026-01-09 19:58:23,991 -INFO -LoggingUtils -Line[36]: name.find(voice.mp3) : -1
2026-01-09 19:58:23,991 -INFO -LoggingUtils -Line[36]: ClientUtils.is_xp() : False
2026-01-09 19:58:23,992 -INFO -LoggingUtils -Line[36]: name.find(voice.mp3) : -1
2026-01-09 19:58:23,992 -INFO -LoggingUtils -Line[36]: ClientUtils.is_xp() : False
2026-01-09 19:58:23,994 -INFO -LoggingUtils -Line[36]: name.find(voice.mp3) : -1
2026-01-09 19:58:23,994 -INFO -LoggingUtils -Line[36]: ClientUtils.is_xp() : False
2026-01-09 19:58:23,995 -INFO -LoggingUtils -Line[36]: name.find(voice.mp3) : -1
2026-01-09 19:58:23,995 -INFO -LoggingUtils -Line[36]: ClientUtils.is_xp() : False
2026-01-09 19:58:23,996 -INFO -LoggingUtils -Line[36]: name.find(voice.mp3) : -1
2026-01-09 19:58:23,996 -INFO -LoggingUtils -Line[36]: ClientUtils.is_xp() : False
2026-01-09 19:58:23,997 -INFO -LoggingUtils -Line[36]: name.find(voice.mp3) : -1
2026-01-09 19:58:23,997 -INFO -LoggingUtils -Line[36]: ClientUtils.is_xp() : False
2026-01-09 19:58:23,998 -INFO -LoggingUtils -Line[36]: name.find(voice.mp3) : -1
2026-01-09 19:58:23,999 -INFO -LoggingUtils -Line[36]: ClientUtils.is_xp() : False
2026-01-09 19:58:24,000 -INFO -LoggingUtils -Line[36]: name.find(voice.mp3) : -1
2026-01-09 19:58:24,000 -INFO -LoggingUtils -Line[36]: ClientUtils.is_xp() : False
2026-01-09 19:58:24,001 -INFO -LoggingUtils -Line[36]: name.find(voice.mp3) : -1
2026-01-09 19:58:24,001 -INFO -LoggingUtils -Line[36]: ClientUtils.is_xp() : False
2026-01-09 19:58:24,002 -INFO -LoggingUtils -Line[36]: name.find(voice.mp3) : -1
2026-01-09 19:58:24,002 -INFO -LoggingUtils -Line[36]: ClientUtils.is_xp() : False
2026-01-09 19:58:24,003 -INFO -LoggingUtils -Line[36]: name.find(voice.mp3) : -1
2026-01-09 19:58:24,003 -INFO -LoggingUtils -Line[36]: ClientUtils.is_xp() : False
2026-01-09 19:58:24,004 -INFO -LoggingUtils -Line[36]: name.find(voice.mp3) : -1
2026-01-09 19:58:24,005 -INFO -LoggingUtils -Line[36]: ClientUtils.is_xp() : False
2026-01-09 19:58:24,006 -INFO -LoggingUtils -Line[36]: name.find(voice.mp3) : -1
2026-01-09 19:58:24,006 -INFO -LoggingUtils -Line[36]: ClientUtils.is_xp() : False
2026-01-09 19:58:24,007 -INFO -LoggingUtils -Line[36]: name.find(voice.mp3) : -1
2026-01-09 19:58:24,007 -INFO -LoggingUtils -Line[36]: ClientUtils.is_xp() : False
2026-01-09 19:58:24,008 -INFO -LoggingUtils -Line[36]: name.find(voice.mp3) : -1
2026-01-09 19:58:24,008 -INFO -LoggingUtils -Line[36]: ClientUtils.is_xp() : False
2026-01-09 19:58:24,010 -INFO -LoggingUtils -Line[36]: name.find(voice.mp3) : -1
2026-01-09 19:58:24,010 -INFO -LoggingUtils -Line[36]: ClientUtils.is_xp() : False
2026-01-09 19:58:24,011 -INFO -LoggingUtils -Line[36]: name.find(voice.mp3) : -1
2026-01-09 19:58:24,011 -INFO -LoggingUtils -Line[36]: ClientUtils.is_xp() : False
2026-01-09 19:58:24,012 -INFO -LoggingUtils -Line[36]: name.find(voice.mp3) : -1
2026-01-09 19:58:24,012 -INFO -LoggingUtils -Line[36]: ClientUtils.is_xp() : False
2026-01-09 19:58:24,013 -INFO -LoggingUtils -Line[36]: name.find(voice.mp3) : -1
2026-01-09 19:58:24,013 -INFO -LoggingUtils -Line[36]: ClientUtils.is_xp() : False
2026-01-09 19:58:24,014 -INFO -LoggingUtils -Line[36]: name.find(voice.mp3) : -1
2026-01-09 19:58:24,014 -INFO -LoggingUtils -Line[36]: ClientUtils.is_xp() : False
2026-01-09 19:58:24,016 -INFO -LoggingUtils -Line[36]: name.find(voice.mp3) : -1
2026-01-09 19:58:24,016 -INFO -LoggingUtils -Line[36]: ClientUtils.is_xp() : False
2026-01-09 19:58:24,017 -INFO -LoggingUtils -Line[36]: name.find(voice.mp3) : -1
2026-01-09 19:58:24,017 -INFO -LoggingUtils -Line[36]: ClientUtils.is_xp() : False
2026-01-09 19:58:24,019 -INFO -LoggingUtils -Line[36]: name.find(voice.mp3) : -1
2026-01-09 19:58:24,019 -INFO -LoggingUtils -Line[36]: ClientUtils.is_xp() : False
2026-01-09 19:58:24,021 -INFO -LoggingUtils -Line[36]: name.find(voice.mp3) : -1
2026-01-09 19:58:24,021 -INFO -LoggingUtils -Line[36]: ClientUtils.is_xp() : False
2026-01-09 19:58:24,022 -INFO -LoggingUtils -Line[36]: name.find(voice.mp3) : -1
2026-01-09 19:58:24,022 -INFO -LoggingUtils -Line[36]: ClientUtils.is_xp() : False
2026-01-09 19:58:24,024 -INFO -LoggingUtils -Line[36]: name.find(voice.mp3) : -1
2026-01-09 19:58:24,024 -INFO -LoggingUtils -Line[36]: ClientUtils.is_xp() : False
2026-01-09 19:58:24,025 -INFO -LoggingUtils -Line[36]: name.find(voice.mp3) : -1
2026-01-09 19:58:24,025 -INFO -LoggingUtils -Line[36]: ClientUtils.is_xp() : False
2026-01-09 19:58:24,026 -INFO -LoggingUtils -Line[36]: name.find(voice.mp3) : -1
2026-01-09 19:58:24,026 -INFO -LoggingUtils -Line[36]: ClientUtils.is_xp() : False
2026-01-09 19:58:24,028 -INFO -LoggingUtils -Line[36]: name.find(voice.mp3) : -1
2026-01-09 19:58:24,028 -INFO -LoggingUtils -Line[36]: ClientUtils.is_xp() : False
2026-01-09 19:58:24,029 -INFO -LoggingUtils -Line[36]: name.find(voice.mp3) : -1
2026-01-09 19:58:24,029 -INFO -LoggingUtils -Line[36]: ClientUtils.is_xp() : False
2026-01-09 19:58:24,030 -INFO -LoggingUtils -Line[36]: name.find(voice.mp3) : -1
2026-01-09 19:58:24,030 -INFO -LoggingUtils -Line[36]: ClientUtils.is_xp() : False
2026-01-09 19:58:24,031 -INFO -LoggingUtils -Line[36]: name.find(voice.mp3) : -1
2026-01-09 19:58:24,031 -INFO -LoggingUtils -Line[36]: ClientUtils.is_xp() : False
2026-01-09 19:58:24,033 -INFO -LoggingUtils -Line[36]: name.find(voice.mp3) : -1
2026-01-09 19:58:24,033 -INFO -LoggingUtils -Line[36]: ClientUtils.is_xp() : False
2026-01-09 19:58:24,034 -INFO -LoggingUtils -Line[36]: name.find(voice.mp3) : -1
2026-01-09 19:58:24,034 -INFO -LoggingUtils -Line[36]: ClientUtils.is_xp() : False
2026-01-09 19:58:24,123 -INFO -LoggingUtils -Line[36]: name.find(voice.mp3) : 6
2026-01-09 19:58:24,123 -INFO -LoggingUtils -Line[36]: ClientUtils.is_xp() : False
2026-01-10 09:10:30,981 -INFO -LoggingUtils -Line[36]: name.find(voice.mp3) : -1
2026-01-10 09:10:30,981 -INFO -LoggingUtils -Line[36]: ClientUtils.is_xp() : False
2026-01-10 09:10:30,982 -INFO -LoggingUtils -Line[36]: name.find(voice.mp3) : -1
2026-01-10 09:10:30,982 -INFO -LoggingUtils -Line[36]: ClientUtils.is_xp() : False
2026-01-10 09:10:30,984 -INFO -LoggingUtils -Line[36]: name.find(voice.mp3) : -1
2026-01-10 09:10:30,984 -INFO -LoggingUtils -Line[36]: ClientUtils.is_xp() : False
2026-01-10 09:10:30,985 -INFO -LoggingUtils -Line[36]: name.find(voice.mp3) : -1
2026-01-10 09:10:30,985 -INFO -LoggingUtils -Line[36]: ClientUtils.is_xp() : False
2026-01-10 09:10:30,986 -INFO -LoggingUtils -Line[36]: name.find(voice.mp3) : -1
2026-01-10 09:10:30,986 -INFO -LoggingUtils -Line[36]: ClientUtils.is_xp() : False
2026-01-10 09:10:30,987 -INFO -LoggingUtils -Line[36]: name.find(voice.mp3) : -1
2026-01-10 09:10:30,988 -INFO -LoggingUtils -Line[36]: ClientUtils.is_xp() : False
2026-01-10 09:10:30,989 -INFO -LoggingUtils -Line[36]: name.find(voice.mp3) : -1
2026-01-10 09:10:30,989 -INFO -LoggingUtils -Line[36]: ClientUtils.is_xp() : False
2026-01-10 09:10:30,991 -INFO -LoggingUtils -Line[36]: name.find(voice.mp3) : -1
2026-01-10 09:10:30,991 -INFO -LoggingUtils -Line[36]: ClientUtils.is_xp() : False
2026-01-10 09:10:30,992 -INFO -LoggingUtils -Line[36]: name.find(voice.mp3) : -1
2026-01-10 09:10:30,992 -INFO -LoggingUtils -Line[36]: ClientUtils.is_xp() : False
2026-01-10 09:10:30,993 -INFO -LoggingUtils -Line[36]: name.find(voice.mp3) : -1
2026-01-10 09:10:30,993 -INFO -LoggingUtils -Line[36]: ClientUtils.is_xp() : False
2026-01-10 09:10:30,994 -INFO -LoggingUtils -Line[36]: name.find(voice.mp3) : -1
2026-01-10 09:10:30,994 -INFO -LoggingUtils -Line[36]: ClientUtils.is_xp() : False
2026-01-10 09:10:30,996 -INFO -LoggingUtils -Line[36]: name.find(voice.mp3) : -1
2026-01-10 09:10:30,996 -INFO -LoggingUtils -Line[36]: ClientUtils.is_xp() : False
2026-01-10 09:10:30,997 -INFO -LoggingUtils -Line[36]: name.find(voice.mp3) : -1
2026-01-10 09:10:30,997 -INFO -LoggingUtils -Line[36]: ClientUtils.is_xp() : False
2026-01-10 09:10:30,998 -INFO -LoggingUtils -Line[36]: name.find(voice.mp3) : -1
2026-01-10 09:10:30,998 -INFO -LoggingUtils -Line[36]: ClientUtils.is_xp() : False
2026-01-10 09:10:30,999 -INFO -LoggingUtils -Line[36]: name.find(voice.mp3) : -1
2026-01-10 09:10:30,999 -INFO -LoggingUtils -Line[36]: ClientUtils.is_xp() : False
2026-01-10 09:10:31,000 -INFO -LoggingUtils -Line[36]: name.find(voice.mp3) : -1
2026-01-10 09:10:31,000 -INFO -LoggingUtils -Line[36]: ClientUtils.is_xp() : False
2026-01-10 09:10:31,001 -INFO -LoggingUtils -Line[36]: name.find(voice.mp3) : -1
2026-01-10 09:10:31,001 -INFO -LoggingUtils -Line[36]: ClientUtils.is_xp() : False
2026-01-10 09:10:31,003 -INFO -LoggingUtils -Line[36]: name.find(voice.mp3) : -1
2026-01-10 09:10:31,003 -INFO -LoggingUtils -Line[36]: ClientUtils.is_xp() : False
2026-01-10 09:10:31,004 -INFO -LoggingUtils -Line[36]: name.find(voice.mp3) : -1
2026-01-10 09:10:31,004 -INFO -LoggingUtils -Line[36]: ClientUtils.is_xp() : False
2026-01-10 09:10:31,005 -INFO -LoggingUtils -Line[36]: name.find(voice.mp3) : -1
2026-01-10 09:10:31,005 -INFO -LoggingUtils -Line[36]: ClientUtils.is_xp() : False
2026-01-10 09:10:31,006 -INFO -LoggingUtils -Line[36]: name.find(voice.mp3) : -1
2026-01-10 09:10:31,006 -INFO -LoggingUtils -Line[36]: ClientUtils.is_xp() : False
2026-01-10 09:10:31,008 -INFO -LoggingUtils -Line[36]: name.find(voice.mp3) : -1
2026-01-10 09:10:31,008 -INFO -LoggingUtils -Line[36]: ClientUtils.is_xp() : False
2026-01-10 09:10:31,009 -INFO -LoggingUtils -Line[36]: name.find(voice.mp3) : -1
2026-01-10 09:10:31,009 -INFO -LoggingUtils -Line[36]: ClientUtils.is_xp() : False
2026-01-10 09:10:31,010 -INFO -LoggingUtils -Line[36]: name.find(voice.mp3) : -1
2026-01-10 09:10:31,010 -INFO -LoggingUtils -Line[36]: ClientUtils.is_xp() : False
2026-01-10 09:10:31,011 -INFO -LoggingUtils -Line[36]: name.find(voice.mp3) : -1
2026-01-10 09:10:31,011 -INFO -LoggingUtils -Line[36]: ClientUtils.is_xp() : False
2026-01-10 09:10:31,012 -INFO -LoggingUtils -Line[36]: name.find(voice.mp3) : -1
2026-01-10 09:10:31,013 -INFO -LoggingUtils -Line[36]: ClientUtils.is_xp() : False
2026-01-10 09:10:31,014 -INFO -LoggingUtils -Line[36]: name.find(voice.mp3) : -1
2026-01-10 09:10:31,014 -INFO -LoggingUtils -Line[36]: ClientUtils.is_xp() : False
2026-01-10 09:10:31,015 -INFO -LoggingUtils -Line[36]: name.find(voice.mp3) : -1
2026-01-10 09:10:31,015 -INFO -LoggingUtils -Line[36]: ClientUtils.is_xp() : False
2026-01-10 09:10:31,016 -INFO -LoggingUtils -Line[36]: name.find(voice.mp3) : -1
2026-01-10 09:10:31,016 -INFO -LoggingUtils -Line[36]: ClientUtils.is_xp() : False
2026-01-10 09:10:31,018 -INFO -LoggingUtils -Line[36]: name.find(voice.mp3) : -1
2026-01-10 09:10:31,018 -INFO -LoggingUtils -Line[36]: ClientUtils.is_xp() : False
2026-01-10 09:10:31,019 -INFO -LoggingUtils -Line[36]: name.find(voice.mp3) : -1
2026-01-10 09:10:31,019 -INFO -LoggingUtils -Line[36]: ClientUtils.is_xp() : False
2026-01-10 09:10:31,020 -INFO -LoggingUtils -Line[36]: name.find(voice.mp3) : -1
2026-01-10 09:10:31,020 -INFO -LoggingUtils -Line[36]: ClientUtils.is_xp() : False
2026-01-10 09:10:31,022 -INFO -LoggingUtils -Line[36]: name.find(voice.mp3) : -1
2026-01-10 09:10:31,022 -INFO -LoggingUtils -Line[36]: ClientUtils.is_xp() : False
2026-01-10 09:10:31,023 -INFO -LoggingUtils -Line[36]: name.find(voice.mp3) : -1
2026-01-10 09:10:31,023 -INFO -LoggingUtils -Line[36]: ClientUtils.is_xp() : False
2026-01-10 09:10:31,024 -INFO -LoggingUtils -Line[36]: name.find(voice.mp3) : -1
2026-01-10 09:10:31,024 -INFO -LoggingUtils -Line[36]: ClientUtils.is_xp() : False
2026-01-10 09:10:31,025 -INFO -LoggingUtils -Line[36]: name.find(voice.mp3) : -1
2026-01-10 09:10:31,026 -INFO -LoggingUtils -Line[36]: ClientUtils.is_xp() : False
2026-01-10 09:10:31,027 -INFO -LoggingUtils -Line[36]: name.find(voice.mp3) : -1
2026-01-10 09:10:31,027 -INFO -LoggingUtils -Line[36]: ClientUtils.is_xp() : False
2026-01-10 09:10:31,028 -INFO -LoggingUtils -Line[36]: name.find(voice.mp3) : -1
2026-01-10 09:10:31,029 -INFO -LoggingUtils -Line[36]: ClientUtils.is_xp() : False
2026-01-10 09:10:31,030 -INFO -LoggingUtils -Line[36]: name.find(voice.mp3) : -1
2026-01-10 09:10:31,030 -INFO -LoggingUtils -Line[36]: ClientUtils.is_xp() : False
2026-01-10 09:10:31,032 -INFO -LoggingUtils -Line[36]: name.find(voice.mp3) : -1
2026-01-10 09:10:31,032 -INFO -LoggingUtils -Line[36]: ClientUtils.is_xp() : False
2026-01-10 09:10:31,033 -INFO -LoggingUtils -Line[36]: name.find(voice.mp3) : -1
2026-01-10 09:10:31,033 -INFO -LoggingUtils -Line[36]: ClientUtils.is_xp() : False
2026-01-10 09:10:31,034 -INFO -LoggingUtils -Line[36]: name.find(voice.mp3) : -1
2026-01-10 09:10:31,034 -INFO -LoggingUtils -Line[36]: ClientUtils.is_xp() : False
2026-01-10 09:10:31,036 -INFO -LoggingUtils -Line[36]: name.find(voice.mp3) : -1
2026-01-10 09:10:31,036 -INFO -LoggingUtils -Line[36]: ClientUtils.is_xp() : False
2026-01-10 09:10:31,037 -INFO -LoggingUtils -Line[36]: name.find(voice.mp3) : -1
2026-01-10 09:10:31,037 -INFO -LoggingUtils -Line[36]: ClientUtils.is_xp() : False
2026-01-10 09:10:31,038 -INFO -LoggingUtils -Line[36]: name.find(voice.mp3) : -1
2026-01-10 09:10:31,038 -INFO -LoggingUtils -Line[36]: ClientUtils.is_xp() : False
2026-01-10 09:10:31,039 -INFO -LoggingUtils -Line[36]: name.find(voice.mp3) : -1
2026-01-10 09:10:31,039 -INFO -LoggingUtils -Line[36]: ClientUtils.is_xp() : False
2026-01-10 09:10:31,040 -INFO -LoggingUtils -Line[36]: name.find(voice.mp3) : -1
2026-01-10 09:10:31,041 -INFO -LoggingUtils -Line[36]: ClientUtils.is_xp() : False
2026-01-10 09:10:31,042 -INFO -LoggingUtils -Line[36]: name.find(voice.mp3) : -1
2026-01-10 09:10:31,042 -INFO -LoggingUtils -Line[36]: ClientUtils.is_xp() : False
2026-01-10 09:10:31,043 -INFO -LoggingUtils -Line[36]: name.find(voice.mp3) : -1
2026-01-10 09:10:31,043 -INFO -LoggingUtils -Line[36]: ClientUtils.is_xp() : False
2026-01-10 09:10:31,044 -INFO -LoggingUtils -Line[36]: name.find(voice.mp3) : -1
2026-01-10 09:10:31,044 -INFO -LoggingUtils -Line[36]: ClientUtils.is_xp() : False
2026-01-10 09:10:31,045 -INFO -LoggingUtils -Line[36]: name.find(voice.mp3) : -1
2026-01-10 09:10:31,045 -INFO -LoggingUtils -Line[36]: ClientUtils.is_xp() : False
2026-01-10 09:10:31,046 -INFO -LoggingUtils -Line[36]: name.find(voice.mp3) : -1
2026-01-10 09:10:31,046 -INFO -LoggingUtils -Line[36]: ClientUtils.is_xp() : False
2026-01-10 09:10:31,047 -INFO -LoggingUtils -Line[36]: name.find(voice.mp3) : -1
2026-01-10 09:10:31,047 -INFO -LoggingUtils -Line[36]: ClientUtils.is_xp() : False
2026-01-10 09:10:31,048 -INFO -LoggingUtils -Line[36]: name.find(voice.mp3) : -1
2026-01-10 09:10:31,049 -INFO -LoggingUtils -Line[36]: ClientUtils.is_xp() : False
2026-01-10 09:10:31,050 -INFO -LoggingUtils -Line[36]: name.find(voice.mp3) : -1
2026-01-10 09:10:31,050 -INFO -LoggingUtils -Line[36]: ClientUtils.is_xp() : False
2026-01-10 09:10:31,051 -INFO -LoggingUtils -Line[36]: name.find(voice.mp3) : -1
2026-01-10 09:10:31,051 -INFO -LoggingUtils -Line[36]: ClientUtils.is_xp() : False
2026-01-10 09:10:31,052 -INFO -LoggingUtils -Line[36]: name.find(voice.mp3) : -1
2026-01-10 09:10:31,052 -INFO -LoggingUtils -Line[36]: ClientUtils.is_xp() : False
2026-01-10 09:10:31,053 -INFO -LoggingUtils -Line[36]: name.find(voice.mp3) : -1
2026-01-10 09:10:31,053 -INFO -LoggingUtils -Line[36]: ClientUtils.is_xp() : False
2026-01-10 09:10:31,054 -INFO -LoggingUtils -Line[36]: name.find(voice.mp3) : -1
2026-01-10 09:10:31,055 -INFO -LoggingUtils -Line[36]: ClientUtils.is_xp() : False
2026-01-10 09:10:31,056 -INFO -LoggingUtils -Line[36]: name.find(voice.mp3) : -1
2026-01-10 09:10:31,056 -INFO -LoggingUtils -Line[36]: ClientUtils.is_xp() : False
2026-01-10 09:10:31,057 -INFO -LoggingUtils -Line[36]: name.find(voice.mp3) : -1
2026-01-10 09:10:31,057 -INFO -LoggingUtils -Line[36]: ClientUtils.is_xp() : False
2026-01-10 09:10:31,058 -INFO -LoggingUtils -Line[36]: name.find(voice.mp3) : -1
2026-01-10 09:10:31,058 -INFO -LoggingUtils -Line[36]: ClientUtils.is_xp() : False
2026-01-10 09:10:31,059 -INFO -LoggingUtils -Line[36]: name.find(voice.mp3) : -1
2026-01-10 09:10:31,059 -INFO -LoggingUtils -Line[36]: ClientUtils.is_xp() : False
2026-01-10 09:10:31,060 -INFO -LoggingUtils -Line[36]: name.find(voice.mp3) : -1
2026-01-10 09:10:31,060 -INFO -LoggingUtils -Line[36]: ClientUtils.is_xp() : False
2026-01-10 09:10:31,061 -INFO -LoggingUtils -Line[36]: name.find(voice.mp3) : -1
2026-01-10 09:10:31,061 -INFO -LoggingUtils -Line[36]: ClientUtils.is_xp() : False
2026-01-10 09:10:31,062 -INFO -LoggingUtils -Line[36]: name.find(voice.mp3) : -1
2026-01-10 09:10:31,062 -INFO -LoggingUtils -Line[36]: ClientUtils.is_xp() : False
2026-01-10 09:10:31,064 -INFO -LoggingUtils -Line[36]: name.find(voice.mp3) : -1
2026-01-10 09:10:31,064 -INFO -LoggingUtils -Line[36]: ClientUtils.is_xp() : False
2026-01-10 09:10:31,065 -INFO -LoggingUtils -Line[36]: name.find(voice.mp3) : -1
2026-01-10 09:10:31,065 -INFO -LoggingUtils -Line[36]: ClientUtils.is_xp() : False
2026-01-10 09:10:31,066 -INFO -LoggingUtils -Line[36]: name.find(voice.mp3) : -1
2026-01-10 09:10:31,066 -INFO -LoggingUtils -Line[36]: ClientUtils.is_xp() : False
2026-01-10 09:10:31,067 -INFO -LoggingUtils -Line[36]: name.find(voice.mp3) : -1
2026-01-10 09:10:31,067 -INFO -LoggingUtils -Line[36]: ClientUtils.is_xp() : False
2026-01-10 09:10:31,069 -INFO -LoggingUtils -Line[36]: name.find(voice.mp3) : -1
2026-01-10 09:10:31,069 -INFO -LoggingUtils -Line[36]: ClientUtils.is_xp() : False
2026-01-10 09:10:31,070 -INFO -LoggingUtils -Line[36]: name.find(voice.mp3) : -1
2026-01-10 09:10:31,070 -INFO -LoggingUtils -Line[36]: ClientUtils.is_xp() : False
2026-01-10 09:10:31,071 -INFO -LoggingUtils -Line[36]: name.find(voice.mp3) : -1
2026-01-10 09:10:31,071 -INFO -LoggingUtils -Line[36]: ClientUtils.is_xp() : False
2026-01-10 09:10:31,072 -INFO -LoggingUtils -Line[36]: name.find(voice.mp3) : -1
2026-01-10 09:10:31,072 -INFO -LoggingUtils -Line[36]: ClientUtils.is_xp() : False
2026-01-10 09:10:31,073 -INFO -LoggingUtils -Line[36]: name.find(voice.mp3) : -1
2026-01-10 09:10:31,073 -INFO -LoggingUtils -Line[36]: ClientUtils.is_xp() : False
2026-01-10 09:10:31,074 -INFO -LoggingUtils -Line[36]: name.find(voice.mp3) : -1
2026-01-10 09:10:31,074 -INFO -LoggingUtils -Line[36]: ClientUtils.is_xp() : False
2026-01-10 09:10:31,076 -INFO -LoggingUtils -Line[36]: name.find(voice.mp3) : -1
2026-01-10 09:10:31,076 -INFO -LoggingUtils -Line[36]: ClientUtils.is_xp() : False
2026-01-10 09:10:31,077 -INFO -LoggingUtils -Line[36]: name.find(voice.mp3) : -1
2026-01-10 09:10:31,077 -INFO -LoggingUtils -Line[36]: ClientUtils.is_xp() : False
2026-01-10 09:10:31,078 -INFO -LoggingUtils -Line[36]: name.find(voice.mp3) : -1
2026-01-10 09:10:31,078 -INFO -LoggingUtils -Line[36]: ClientUtils.is_xp() : False
2026-01-10 09:10:31,080 -INFO -LoggingUtils -Line[36]: name.find(voice.mp3) : -1
2026-01-10 09:10:31,080 -INFO -LoggingUtils -Line[36]: ClientUtils.is_xp() : False
2026-01-10 09:10:31,081 -INFO -LoggingUtils -Line[36]: name.find(voice.mp3) : -1
2026-01-10 09:10:31,081 -INFO -LoggingUtils -Line[36]: ClientUtils.is_xp() : False
2026-01-10 09:10:31,082 -INFO -LoggingUtils -Line[36]: name.find(voice.mp3) : -1
2026-01-10 09:10:31,082 -INFO -LoggingUtils -Line[36]: ClientUtils.is_xp() : False
2026-01-10 09:10:31,083 -INFO -LoggingUtils -Line[36]: name.find(voice.mp3) : -1
2026-01-10 09:10:31,083 -INFO -LoggingUtils -Line[36]: ClientUtils.is_xp() : False
2026-01-10 09:10:31,085 -INFO -LoggingUtils -Line[36]: name.find(voice.mp3) : -1
2026-01-10 09:10:31,085 -INFO -LoggingUtils -Line[36]: ClientUtils.is_xp() : False
2026-01-10 09:10:31,086 -INFO -LoggingUtils -Line[36]: name.find(voice.mp3) : -1
2026-01-10 09:10:31,086 -INFO -LoggingUtils -Line[36]: ClientUtils.is_xp() : False
2026-01-10 09:10:31,087 -INFO -LoggingUtils -Line[36]: name.find(voice.mp3) : -1
2026-01-10 09:10:31,087 -INFO -LoggingUtils -Line[36]: ClientUtils.is_xp() : False
2026-01-10 09:10:31,088 -INFO -LoggingUtils -Line[36]: name.find(voice.mp3) : -1
2026-01-10 09:10:31,088 -INFO -LoggingUtils -Line[36]: ClientUtils.is_xp() : False
2026-01-10 09:10:31,089 -INFO -LoggingUtils -Line[36]: name.find(voice.mp3) : -1
2026-01-10 09:10:31,089 -INFO -LoggingUtils -Line[36]: ClientUtils.is_xp() : False
2026-01-10 09:10:31,091 -INFO -LoggingUtils -Line[36]: name.find(voice.mp3) : -1
2026-01-10 09:10:31,091 -INFO -LoggingUtils -Line[36]: ClientUtils.is_xp() : False
2026-01-10 09:10:31,092 -INFO -LoggingUtils -Line[36]: name.find(voice.mp3) : -1
2026-01-10 09:10:31,092 -INFO -LoggingUtils -Line[36]: ClientUtils.is_xp() : False
2026-01-10 09:10:31,093 -INFO -LoggingUtils -Line[36]: name.find(voice.mp3) : -1
2026-01-10 09:10:31,093 -INFO -LoggingUtils -Line[36]: ClientUtils.is_xp() : False
2026-01-10 09:10:31,094 -INFO -LoggingUtils -Line[36]: name.find(voice.mp3) : -1
2026-01-10 09:10:31,094 -INFO -LoggingUtils -Line[36]: ClientUtils.is_xp() : False
2026-01-10 09:10:31,096 -INFO -LoggingUtils -Line[36]: name.find(voice.mp3) : -1
2026-01-10 09:10:31,096 -INFO -LoggingUtils -Line[36]: ClientUtils.is_xp() : False
2026-01-10 09:10:31,097 -INFO -LoggingUtils -Line[36]: name.find(voice.mp3) : -1
2026-01-10 09:10:31,097 -INFO -LoggingUtils -Line[36]: ClientUtils.is_xp() : False
2026-01-10 09:10:31,098 -INFO -LoggingUtils -Line[36]: name.find(voice.mp3) : -1
2026-01-10 09:10:31,098 -INFO -LoggingUtils -Line[36]: ClientUtils.is_xp() : False
2026-01-10 09:10:31,100 -INFO -LoggingUtils -Line[36]: name.find(voice.mp3) : -1
2026-01-10 09:10:31,100 -INFO -LoggingUtils -Line[36]: ClientUtils.is_xp() : False
2026-01-10 09:10:31,101 -INFO -LoggingUtils -Line[36]: name.find(voice.mp3) : -1
2026-01-10 09:10:31,101 -INFO -LoggingUtils -Line[36]: ClientUtils.is_xp() : False
2026-01-10 09:10:31,102 -INFO -LoggingUtils -Line[36]: name.find(voice.mp3) : -1
2026-01-10 09:10:31,102 -INFO -LoggingUtils -Line[36]: ClientUtils.is_xp() : False
2026-01-10 09:10:31,104 -INFO -LoggingUtils -Line[36]: name.find(voice.mp3) : -1
2026-01-10 09:10:31,104 -INFO -LoggingUtils -Line[36]: ClientUtils.is_xp() : False
2026-01-10 09:10:31,105 -INFO -LoggingUtils -Line[36]: name.find(voice.mp3) : -1
2026-01-10 09:10:31,105 -INFO -LoggingUtils -Line[36]: ClientUtils.is_xp() : False
2026-01-10 09:10:31,107 -INFO -LoggingUtils -Line[36]: name.find(voice.mp3) : -1
2026-01-10 09:10:31,107 -INFO -LoggingUtils -Line[36]: ClientUtils.is_xp() : False
2026-01-10 09:10:31,108 -INFO -LoggingUtils -Line[36]: name.find(voice.mp3) : -1
2026-01-10 09:10:31,108 -INFO -LoggingUtils -Line[36]: ClientUtils.is_xp() : False
2026-01-10 09:10:31,110 -INFO -LoggingUtils -Line[36]: name.find(voice.mp3) : -1
2026-01-10 09:10:31,110 -INFO -LoggingUtils -Line[36]: ClientUtils.is_xp() : False
2026-01-10 09:10:31,111 -INFO -LoggingUtils -Line[36]: name.find(voice.mp3) : -1
2026-01-10 09:10:31,111 -INFO -LoggingUtils -Line[36]: ClientUtils.is_xp() : False
2026-01-10 09:10:31,113 -INFO -LoggingUtils -Line[36]: name.find(voice.mp3) : -1
2026-01-10 09:10:31,113 -INFO -LoggingUtils -Line[36]: ClientUtils.is_xp() : False
2026-01-10 09:10:31,114 -INFO -LoggingUtils -Line[36]: name.find(voice.mp3) : -1
2026-01-10 09:10:31,114 -INFO -LoggingUtils -Line[36]: ClientUtils.is_xp() : False
2026-01-10 09:10:31,115 -INFO -LoggingUtils -Line[36]: name.find(voice.mp3) : -1
2026-01-10 09:10:31,116 -INFO -LoggingUtils -Line[36]: ClientUtils.is_xp() : False
2026-01-10 09:10:31,117 -INFO -LoggingUtils -Line[36]: name.find(voice.mp3) : -1
2026-01-10 09:10:31,117 -INFO -LoggingUtils -Line[36]: ClientUtils.is_xp() : False
2026-01-10 09:10:31,118 -INFO -LoggingUtils -Line[36]: name.find(voice.mp3) : -1
2026-01-10 09:10:31,118 -INFO -LoggingUtils -Line[36]: ClientUtils.is_xp() : False
2026-01-10 09:10:31,119 -INFO -LoggingUtils -Line[36]: name.find(voice.mp3) : -1
2026-01-10 09:10:31,119 -INFO -LoggingUtils -Line[36]: ClientUtils.is_xp() : False
2026-01-10 09:10:31,120 -INFO -LoggingUtils -Line[36]: name.find(voice.mp3) : -1
2026-01-10 09:10:31,120 -INFO -LoggingUtils -Line[36]: ClientUtils.is_xp() : False
2026-01-10 09:10:31,122 -INFO -LoggingUtils -Line[36]: name.find(voice.mp3) : -1
2026-01-10 09:10:31,122 -INFO -LoggingUtils -Line[36]: ClientUtils.is_xp() : False
2026-01-10 09:10:31,123 -INFO -LoggingUtils -Line[36]: name.find(voice.mp3) : -1
2026-01-10 09:10:31,123 -INFO -LoggingUtils -Line[36]: ClientUtils.is_xp() : False
2026-01-10 09:10:31,124 -INFO -LoggingUtils -Line[36]: name.find(voice.mp3) : -1
2026-01-10 09:10:31,124 -INFO -LoggingUtils -Line[36]: ClientUtils.is_xp() : False
2026-01-10 09:10:31,125 -INFO -LoggingUtils -Line[36]: name.find(voice.mp3) : -1
2026-01-10 09:10:31,126 -INFO -LoggingUtils -Line[36]: ClientUtils.is_xp() : False
2026-01-10 09:10:31,127 -INFO -LoggingUtils -Line[36]: name.find(voice.mp3) : -1
2026-01-10 09:10:31,127 -INFO -LoggingUtils -Line[36]: ClientUtils.is_xp() : False
2026-01-10 09:10:31,128 -INFO -LoggingUtils -Line[36]: name.find(voice.mp3) : -1
2026-01-10 09:10:31,128 -INFO -LoggingUtils -Line[36]: ClientUtils.is_xp() : False
2026-01-10 09:10:31,129 -INFO -LoggingUtils -Line[36]: name.find(voice.mp3) : -1
2026-01-10 09:10:31,129 -INFO -LoggingUtils -Line[36]: ClientUtils.is_xp() : False
2026-01-10 09:10:31,131 -INFO -LoggingUtils -Line[36]: name.find(voice.mp3) : -1
2026-01-10 09:10:31,131 -INFO -LoggingUtils -Line[36]: ClientUtils.is_xp() : False
2026-01-10 09:10:31,132 -INFO -LoggingUtils -Line[36]: name.find(voice.mp3) : -1
2026-01-10 09:10:31,132 -INFO -LoggingUtils -Line[36]: ClientUtils.is_xp() : False
2026-01-10 09:10:31,133 -INFO -LoggingUtils -Line[36]: name.find(voice.mp3) : -1
2026-01-10 09:10:31,133 -INFO -LoggingUtils -Line[36]: ClientUtils.is_xp() : False
2026-01-10 09:10:31,135 -INFO -LoggingUtils -Line[36]: name.find(voice.mp3) : -1
2026-01-10 09:10:31,135 -INFO -LoggingUtils -Line[36]: ClientUtils.is_xp() : False
2026-01-10 09:10:31,136 -INFO -LoggingUtils -Line[36]: name.find(voice.mp3) : -1
2026-01-10 09:10:31,136 -INFO -LoggingUtils -Line[36]: ClientUtils.is_xp() : False
2026-01-10 09:10:31,138 -INFO -LoggingUtils -Line[36]: name.find(voice.mp3) : -1
2026-01-10 09:10:31,138 -INFO -LoggingUtils -Line[36]: ClientUtils.is_xp() : False
2026-01-10 09:10:31,139 -INFO -LoggingUtils -Line[36]: name.find(voice.mp3) : -1
2026-01-10 09:10:31,139 -INFO -LoggingUtils -Line[36]: ClientUtils.is_xp() : False
2026-01-10 09:10:31,140 -INFO -LoggingUtils -Line[36]: name.find(voice.mp3) : -1
2026-01-10 09:10:31,140 -INFO -LoggingUtils -Line[36]: ClientUtils.is_xp() : False
2026-01-10 09:10:31,142 -INFO -LoggingUtils -Line[36]: name.find(voice.mp3) : -1
2026-01-10 09:10:31,142 -INFO -LoggingUtils -Line[36]: ClientUtils.is_xp() : False
2026-01-10 09:10:31,143 -INFO -LoggingUtils -Line[36]: name.find(voice.mp3) : -1
2026-01-10 09:10:31,143 -INFO -LoggingUtils -Line[36]: ClientUtils.is_xp() : False
2026-01-10 09:10:31,145 -INFO -LoggingUtils -Line[36]: name.find(voice.mp3) : -1
2026-01-10 09:10:31,145 -INFO -LoggingUtils -Line[36]: ClientUtils.is_xp() : False
2026-01-10 09:10:31,146 -INFO -LoggingUtils -Line[36]: name.find(voice.mp3) : -1
2026-01-10 09:10:31,146 -INFO -LoggingUtils -Line[36]: ClientUtils.is_xp() : False
2026-01-10 09:10:31,148 -INFO -LoggingUtils -Line[36]: name.find(voice.mp3) : -1
2026-01-10 09:10:31,148 -INFO -LoggingUtils -Line[36]: ClientUtils.is_xp() : False
2026-01-10 09:10:31,149 -INFO -LoggingUtils -Line[36]: name.find(voice.mp3) : -1
2026-01-10 09:10:31,150 -INFO -LoggingUtils -Line[36]: ClientUtils.is_xp() : False
2026-01-10 09:10:31,151 -INFO -LoggingUtils -Line[36]: name.find(voice.mp3) : -1
2026-01-10 09:10:31,151 -INFO -LoggingUtils -Line[36]: ClientUtils.is_xp() : False
2026-01-10 09:10:31,152 -INFO -LoggingUtils -Line[36]: name.find(voice.mp3) : -1
2026-01-10 09:10:31,152 -INFO -LoggingUtils -Line[36]: ClientUtils.is_xp() : False
2026-01-10 09:10:31,154 -INFO -LoggingUtils -Line[36]: name.find(voice.mp3) : -1
2026-01-10 09:10:31,154 -INFO -LoggingUtils -Line[36]: ClientUtils.is_xp() : False
2026-01-10 09:10:31,155 -INFO -LoggingUtils -Line[36]: name.find(voice.mp3) : -1
2026-01-10 09:10:31,155 -INFO -LoggingUtils -Line[36]: ClientUtils.is_xp() : False
2026-01-10 09:10:31,157 -INFO -LoggingUtils -Line[36]: name.find(voice.mp3) : -1
2026-01-10 09:10:31,157 -INFO -LoggingUtils -Line[36]: ClientUtils.is_xp() : False
2026-01-10 09:10:31,159 -INFO -LoggingUtils -Line[36]: name.find(voice.mp3) : -1
2026-01-10 09:10:31,159 -INFO -LoggingUtils -Line[36]: ClientUtils.is_xp() : False
2026-01-10 09:10:31,161 -INFO -LoggingUtils -Line[36]: name.find(voice.mp3) : -1
2026-01-10 09:10:31,161 -INFO -LoggingUtils -Line[36]: ClientUtils.is_xp() : False
2026-01-10 09:10:31,162 -INFO -LoggingUtils -Line[36]: name.find(voice.mp3) : -1
2026-01-10 09:10:31,162 -INFO -LoggingUtils -Line[36]: ClientUtils.is_xp() : False
2026-01-10 09:10:31,163 -INFO -LoggingUtils -Line[36]: name.find(voice.mp3) : -1
2026-01-10 09:10:31,163 -INFO -LoggingUtils -Line[36]: ClientUtils.is_xp() : False
2026-01-10 09:10:31,165 -INFO -LoggingUtils -Line[36]: name.find(voice.mp3) : -1
2026-01-10 09:10:31,165 -INFO -LoggingUtils -Line[36]: ClientUtils.is_xp() : False
2026-01-10 09:10:31,166 -INFO -LoggingUtils -Line[36]: name.find(voice.mp3) : -1
2026-01-10 09:10:31,167 -INFO -LoggingUtils -Line[36]: ClientUtils.is_xp() : False
2026-01-10 09:10:31,168 -INFO -LoggingUtils -Line[36]: name.find(voice.mp3) : -1
2026-01-10 09:10:31,168 -INFO -LoggingUtils -Line[36]: ClientUtils.is_xp() : False
2026-01-10 09:10:31,169 -INFO -LoggingUtils -Line[36]: name.find(voice.mp3) : -1
2026-01-10 09:10:31,169 -INFO -LoggingUtils -Line[36]: ClientUtils.is_xp() : False
2026-01-10 09:10:31,170 -INFO -LoggingUtils -Line[36]: name.find(voice.mp3) : -1
2026-01-10 09:10:31,171 -INFO -LoggingUtils -Line[36]: ClientUtils.is_xp() : False
2026-01-10 09:10:31,172 -INFO -LoggingUtils -Line[36]: name.find(voice.mp3) : -1
2026-01-10 09:10:31,172 -INFO -LoggingUtils -Line[36]: ClientUtils.is_xp() : False
2026-01-10 09:10:31,173 -INFO -LoggingUtils -Line[36]: name.find(voice.mp3) : -1
2026-01-10 09:10:31,173 -INFO -LoggingUtils -Line[36]: ClientUtils.is_xp() : False
2026-01-10 09:10:31,233 -INFO -LoggingUtils -Line[36]: name.find(voice.mp3) : 6
2026-01-10 09:10:31,233 -INFO -LoggingUtils -Line[36]: ClientUtils.is_xp() : False
2026-01-10 10:22:01,217 -INFO -LoggingUtils -Line[36]: [currentTime=2026-01-10 10:22:00][examStartTime=2026-01-10 09:30:00][examEndTime=2026-01-10 10:22:00][minExamMinite=51]
2026-01-10 13:38:09,746 -INFO -LoggingUtils -Line[36]: name.find(voice.mp3) : -1
2026-01-10 13:38:09,746 -INFO -LoggingUtils -Line[36]: ClientUtils.is_xp() : False
2026-01-10 13:38:09,747 -INFO -LoggingUtils -Line[36]: name.find(voice.mp3) : -1
2026-01-10 13:38:09,747 -INFO -LoggingUtils -Line[36]: ClientUtils.is_xp() : False
2026-01-10 13:38:09,748 -INFO -LoggingUtils -Line[36]: name.find(voice.mp3) : -1
2026-01-10 13:38:09,749 -INFO -LoggingUtils -Line[36]: ClientUtils.is_xp() : False
2026-01-10 13:38:09,750 -INFO -LoggingUtils -Line[36]: name.find(voice.mp3) : -1
2026-01-10 13:38:09,750 -INFO -LoggingUtils -Line[36]: ClientUtils.is_xp() : False
2026-01-10 13:38:09,751 -INFO -LoggingUtils -Line[36]: name.find(voice.mp3) : -1
2026-01-10 13:38:09,751 -INFO -LoggingUtils -Line[36]: ClientUtils.is_xp() : False
2026-01-10 13:38:09,753 -INFO -LoggingUtils -Line[36]: name.find(voice.mp3) : -1
2026-01-10 13:38:09,753 -INFO -LoggingUtils -Line[36]: ClientUtils.is_xp() : False
2026-01-10 13:38:09,754 -INFO -LoggingUtils -Line[36]: name.find(voice.mp3) : -1
2026-01-10 13:38:09,754 -INFO -LoggingUtils -Line[36]: ClientUtils.is_xp() : False
2026-01-10 13:38:09,755 -INFO -LoggingUtils -Line[36]: name.find(voice.mp3) : -1
2026-01-10 13:38:09,756 -INFO -LoggingUtils -Line[36]: ClientUtils.is_xp() : False
2026-01-10 13:38:09,757 -INFO -LoggingUtils -Line[36]: name.find(voice.mp3) : -1
2026-01-10 13:38:09,757 -INFO -LoggingUtils -Line[36]: ClientUtils.is_xp() : False
2026-01-10 13:38:09,758 -INFO -LoggingUtils -Line[36]: name.find(voice.mp3) : -1
2026-01-10 13:38:09,758 -INFO -LoggingUtils -Line[36]: ClientUtils.is_xp() : False
2026-01-10 13:38:09,759 -INFO -LoggingUtils -Line[36]: name.find(voice.mp3) : -1
2026-01-10 13:38:09,759 -INFO -LoggingUtils -Line[36]: ClientUtils.is_xp() : False
2026-01-10 13:38:09,760 -INFO -LoggingUtils -Line[36]: name.find(voice.mp3) : -1
2026-01-10 13:38:09,760 -INFO -LoggingUtils -Line[36]: ClientUtils.is_xp() : False
2026-01-10 13:38:09,761 -INFO -LoggingUtils -Line[36]: name.find(voice.mp3) : -1
2026-01-10 13:38:09,761 -INFO -LoggingUtils -Line[36]: ClientUtils.is_xp() : False
2026-01-10 13:38:09,762 -INFO -LoggingUtils -Line[36]: name.find(voice.mp3) : -1
2026-01-10 13:38:09,763 -INFO -LoggingUtils -Line[36]: ClientUtils.is_xp() : False
2026-01-10 13:38:09,764 -INFO -LoggingUtils -Line[36]: name.find(voice.mp3) : -1
2026-01-10 13:38:09,764 -INFO -LoggingUtils -Line[36]: ClientUtils.is_xp() : False
2026-01-10 13:38:09,765 -INFO -LoggingUtils -Line[36]: name.find(voice.mp3) : -1
2026-01-10 13:38:09,765 -INFO -LoggingUtils -Line[36]: ClientUtils.is_xp() : False
2026-01-10 13:38:09,766 -INFO -LoggingUtils -Line[36]: name.find(voice.mp3) : -1
2026-01-10 13:38:09,766 -INFO -LoggingUtils -Line[36]: ClientUtils.is_xp() : False
2026-01-10 13:38:09,767 -INFO -LoggingUtils -Line[36]: name.find(voice.mp3) : -1
2026-01-10 13:38:09,767 -INFO -LoggingUtils -Line[36]: ClientUtils.is_xp() : False
2026-01-10 13:38:09,768 -INFO -LoggingUtils -Line[36]: name.find(voice.mp3) : -1
2026-01-10 13:38:09,768 -INFO -LoggingUtils -Line[36]: ClientUtils.is_xp() : False
2026-01-10 13:38:09,769 -INFO -LoggingUtils -Line[36]: name.find(voice.mp3) : -1
2026-01-10 13:38:09,769 -INFO -LoggingUtils -Line[36]: ClientUtils.is_xp() : False
2026-01-10 13:38:09,770 -INFO -LoggingUtils -Line[36]: name.find(voice.mp3) : -1
2026-01-10 13:38:09,770 -INFO -LoggingUtils -Line[36]: ClientUtils.is_xp() : False
2026-01-10 13:38:09,771 -INFO -LoggingUtils -Line[36]: name.find(voice.mp3) : -1
2026-01-10 13:38:09,771 -INFO -LoggingUtils -Line[36]: ClientUtils.is_xp() : False
2026-01-10 13:38:09,772 -INFO -LoggingUtils -Line[36]: name.find(voice.mp3) : -1
2026-01-10 13:38:09,773 -INFO -LoggingUtils -Line[36]: ClientUtils.is_xp() : False
2026-01-10 13:38:09,774 -INFO -LoggingUtils -Line[36]: name.find(voice.mp3) : -1
2026-01-10 13:38:09,774 -INFO -LoggingUtils -Line[36]: ClientUtils.is_xp() : False
2026-01-10 13:38:09,775 -INFO -LoggingUtils -Line[36]: name.find(voice.mp3) : -1
2026-01-10 13:38:09,775 -INFO -LoggingUtils -Line[36]: ClientUtils.is_xp() : False
2026-01-10 13:38:09,776 -INFO -LoggingUtils -Line[36]: name.find(voice.mp3) : -1
2026-01-10 13:38:09,776 -INFO -LoggingUtils -Line[36]: ClientUtils.is_xp() : False
2026-01-10 13:38:09,778 -INFO -LoggingUtils -Line[36]: name.find(voice.mp3) : -1
2026-01-10 13:38:09,778 -INFO -LoggingUtils -Line[36]: ClientUtils.is_xp() : False
2026-01-10 13:38:09,779 -INFO -LoggingUtils -Line[36]: name.find(voice.mp3) : -1
2026-01-10 13:38:09,779 -INFO -LoggingUtils -Line[36]: ClientUtils.is_xp() : False
2026-01-10 13:38:09,780 -INFO -LoggingUtils -Line[36]: name.find(voice.mp3) : -1
2026-01-10 13:38:09,780 -INFO -LoggingUtils -Line[36]: ClientUtils.is_xp() : False
2026-01-10 13:38:09,782 -INFO -LoggingUtils -Line[36]: name.find(voice.mp3) : -1
2026-01-10 13:38:09,782 -INFO -LoggingUtils -Line[36]: ClientUtils.is_xp() : False
2026-01-10 13:38:09,783 -INFO -LoggingUtils -Line[36]: name.find(voice.mp3) : -1
2026-01-10 13:38:09,783 -INFO -LoggingUtils -Line[36]: ClientUtils.is_xp() : False
2026-01-10 13:38:09,784 -INFO -LoggingUtils -Line[36]: name.find(voice.mp3) : -1
2026-01-10 13:38:09,784 -INFO -LoggingUtils -Line[36]: ClientUtils.is_xp() : False
2026-01-10 13:38:09,785 -INFO -LoggingUtils -Line[36]: name.find(voice.mp3) : -1
2026-01-10 13:38:09,785 -INFO -LoggingUtils -Line[36]: ClientUtils.is_xp() : False
2026-01-10 13:38:09,787 -INFO -LoggingUtils -Line[36]: name.find(voice.mp3) : -1
2026-01-10 13:38:09,787 -INFO -LoggingUtils -Line[36]: ClientUtils.is_xp() : False
2026-01-10 13:38:09,787 -INFO -LoggingUtils -Line[36]: name.find(voice.mp3) : -1
2026-01-10 13:38:09,787 -INFO -LoggingUtils -Line[36]: ClientUtils.is_xp() : False
2026-01-10 13:38:09,788 -INFO -LoggingUtils -Line[36]: name.find(voice.mp3) : -1
2026-01-10 13:38:09,788 -INFO -LoggingUtils -Line[36]: ClientUtils.is_xp() : False
2026-01-10 13:38:09,789 -INFO -LoggingUtils -Line[36]: name.find(voice.mp3) : -1
2026-01-10 13:38:09,789 -INFO -LoggingUtils -Line[36]: ClientUtils.is_xp() : False
2026-01-10 13:38:09,790 -INFO -LoggingUtils -Line[36]: name.find(voice.mp3) : -1
2026-01-10 13:38:09,791 -INFO -LoggingUtils -Line[36]: ClientUtils.is_xp() : False
2026-01-10 13:38:09,792 -INFO -LoggingUtils -Line[36]: name.find(voice.mp3) : -1
2026-01-10 13:38:09,792 -INFO -LoggingUtils -Line[36]: ClientUtils.is_xp() : False
2026-01-10 13:38:09,793 -INFO -LoggingUtils -Line[36]: name.find(voice.mp3) : -1
2026-01-10 13:38:09,793 -INFO -LoggingUtils -Line[36]: ClientUtils.is_xp() : False
2026-01-10 13:38:09,794 -INFO -LoggingUtils -Line[36]: name.find(voice.mp3) : -1
2026-01-10 13:38:09,794 -INFO -LoggingUtils -Line[36]: ClientUtils.is_xp() : False
2026-01-10 13:38:09,795 -INFO -LoggingUtils -Line[36]: name.find(voice.mp3) : -1
2026-01-10 13:38:09,795 -INFO -LoggingUtils -Line[36]: ClientUtils.is_xp() : False
2026-01-10 13:38:09,796 -INFO -LoggingUtils -Line[36]: name.find(voice.mp3) : -1
2026-01-10 13:38:09,796 -INFO -LoggingUtils -Line[36]: ClientUtils.is_xp() : False
2026-01-10 13:38:09,797 -INFO -LoggingUtils -Line[36]: name.find(voice.mp3) : -1
2026-01-10 13:38:09,797 -INFO -LoggingUtils -Line[36]: ClientUtils.is_xp() : False
2026-01-10 13:38:09,798 -INFO -LoggingUtils -Line[36]: name.find(voice.mp3) : -1
2026-01-10 13:38:09,798 -INFO -LoggingUtils -Line[36]: ClientUtils.is_xp() : False
2026-01-10 13:38:09,799 -INFO -LoggingUtils -Line[36]: name.find(voice.mp3) : -1
2026-01-10 13:38:09,800 -INFO -LoggingUtils -Line[36]: ClientUtils.is_xp() : False
2026-01-10 13:38:09,801 -INFO -LoggingUtils -Line[36]: name.find(voice.mp3) : -1
2026-01-10 13:38:09,801 -INFO -LoggingUtils -Line[36]: ClientUtils.is_xp() : False
2026-01-10 13:38:09,802 -INFO -LoggingUtils -Line[36]: name.find(voice.mp3) : -1
2026-01-10 13:38:09,802 -INFO -LoggingUtils -Line[36]: ClientUtils.is_xp() : False
2026-01-10 13:38:09,803 -INFO -LoggingUtils -Line[36]: name.find(voice.mp3) : -1
2026-01-10 13:38:09,803 -INFO -LoggingUtils -Line[36]: ClientUtils.is_xp() : False
2026-01-10 13:38:09,804 -INFO -LoggingUtils -Line[36]: name.find(voice.mp3) : -1
2026-01-10 13:38:09,804 -INFO -LoggingUtils -Line[36]: ClientUtils.is_xp() : False
2026-01-10 13:38:09,805 -INFO -LoggingUtils -Line[36]: name.find(voice.mp3) : -1
2026-01-10 13:38:09,805 -INFO -LoggingUtils -Line[36]: ClientUtils.is_xp() : False
2026-01-10 13:38:09,806 -INFO -LoggingUtils -Line[36]: name.find(voice.mp3) : -1
2026-01-10 13:38:09,806 -INFO -LoggingUtils -Line[36]: ClientUtils.is_xp() : False
2026-01-10 13:38:09,808 -INFO -LoggingUtils -Line[36]: name.find(voice.mp3) : -1
2026-01-10 13:38:09,808 -INFO -LoggingUtils -Line[36]: ClientUtils.is_xp() : False
2026-01-10 13:38:09,809 -INFO -LoggingUtils -Line[36]: name.find(voice.mp3) : -1
2026-01-10 13:38:09,809 -INFO -LoggingUtils -Line[36]: ClientUtils.is_xp() : False
2026-01-10 13:38:09,810 -INFO -LoggingUtils -Line[36]: name.find(voice.mp3) : -1
2026-01-10 13:38:09,810 -INFO -LoggingUtils -Line[36]: ClientUtils.is_xp() : False
2026-01-10 13:38:09,811 -INFO -LoggingUtils -Line[36]: name.find(voice.mp3) : -1
2026-01-10 13:38:09,811 -INFO -LoggingUtils -Line[36]: ClientUtils.is_xp() : False
2026-01-10 13:38:09,812 -INFO -LoggingUtils -Line[36]: name.find(voice.mp3) : -1
2026-01-10 13:38:09,812 -INFO -LoggingUtils -Line[36]: ClientUtils.is_xp() : False
2026-01-10 13:38:09,813 -INFO -LoggingUtils -Line[36]: name.find(voice.mp3) : -1
2026-01-10 13:38:09,813 -INFO -LoggingUtils -Line[36]: ClientUtils.is_xp() : False
2026-01-10 13:38:09,814 -INFO -LoggingUtils -Line[36]: name.find(voice.mp3) : -1
2026-01-10 13:38:09,815 -INFO -LoggingUtils -Line[36]: ClientUtils.is_xp() : False
2026-01-10 13:38:09,816 -INFO -LoggingUtils -Line[36]: name.find(voice.mp3) : -1
2026-01-10 13:38:09,816 -INFO -LoggingUtils -Line[36]: ClientUtils.is_xp() : False
2026-01-10 13:38:09,817 -INFO -LoggingUtils -Line[36]: name.find(voice.mp3) : -1
2026-01-10 13:38:09,817 -INFO -LoggingUtils -Line[36]: ClientUtils.is_xp() : False
2026-01-10 13:38:09,818 -INFO -LoggingUtils -Line[36]: name.find(voice.mp3) : -1
2026-01-10 13:38:09,818 -INFO -LoggingUtils -Line[36]: ClientUtils.is_xp() : False
2026-01-10 13:38:09,820 -INFO -LoggingUtils -Line[36]: name.find(voice.mp3) : -1
2026-01-10 13:38:09,820 -INFO -LoggingUtils -Line[36]: ClientUtils.is_xp() : False
2026-01-10 13:38:09,821 -INFO -LoggingUtils -Line[36]: name.find(voice.mp3) : -1
2026-01-10 13:38:09,821 -INFO -LoggingUtils -Line[36]: ClientUtils.is_xp() : False
2026-01-10 13:38:09,822 -INFO -LoggingUtils -Line[36]: name.find(voice.mp3) : -1
2026-01-10 13:38:09,822 -INFO -LoggingUtils -Line[36]: ClientUtils.is_xp() : False
2026-01-10 13:38:09,823 -INFO -LoggingUtils -Line[36]: name.find(voice.mp3) : -1
2026-01-10 13:38:09,823 -INFO -LoggingUtils -Line[36]: ClientUtils.is_xp() : False
2026-01-10 13:38:09,824 -INFO -LoggingUtils -Line[36]: name.find(voice.mp3) : -1
2026-01-10 13:38:09,824 -INFO -LoggingUtils -Line[36]: ClientUtils.is_xp() : False
2026-01-10 13:38:09,825 -INFO -LoggingUtils -Line[36]: name.find(voice.mp3) : -1
2026-01-10 13:38:09,826 -INFO -LoggingUtils -Line[36]: ClientUtils.is_xp() : False
2026-01-10 13:38:09,827 -INFO -LoggingUtils -Line[36]: name.find(voice.mp3) : -1
2026-01-10 13:38:09,827 -INFO -LoggingUtils -Line[36]: ClientUtils.is_xp() : False
2026-01-10 13:38:09,828 -INFO -LoggingUtils -Line[36]: name.find(voice.mp3) : -1
2026-01-10 13:38:09,828 -INFO -LoggingUtils -Line[36]: ClientUtils.is_xp() : False
2026-01-10 13:38:09,829 -INFO -LoggingUtils -Line[36]: name.find(voice.mp3) : -1
2026-01-10 13:38:09,829 -INFO -LoggingUtils -Line[36]: ClientUtils.is_xp() : False
2026-01-10 13:38:09,830 -INFO -LoggingUtils -Line[36]: name.find(voice.mp3) : -1
2026-01-10 13:38:09,831 -INFO -LoggingUtils -Line[36]: ClientUtils.is_xp() : False
2026-01-10 13:38:09,832 -INFO -LoggingUtils -Line[36]: name.find(voice.mp3) : -1
2026-01-10 13:38:09,832 -INFO -LoggingUtils -Line[36]: ClientUtils.is_xp() : False
2026-01-10 13:38:09,833 -INFO -LoggingUtils -Line[36]: name.find(voice.mp3) : -1
2026-01-10 13:38:09,833 -INFO -LoggingUtils -Line[36]: ClientUtils.is_xp() : False
2026-01-10 13:38:09,835 -INFO -LoggingUtils -Line[36]: name.find(voice.mp3) : -1
2026-01-10 13:38:09,835 -INFO -LoggingUtils -Line[36]: ClientUtils.is_xp() : False
2026-01-10 13:38:09,836 -INFO -LoggingUtils -Line[36]: name.find(voice.mp3) : -1
2026-01-10 13:38:09,836 -INFO -LoggingUtils -Line[36]: ClientUtils.is_xp() : False
2026-01-10 13:38:09,837 -INFO -LoggingUtils -Line[36]: name.find(voice.mp3) : -1
2026-01-10 13:38:09,837 -INFO -LoggingUtils -Line[36]: ClientUtils.is_xp() : False
2026-01-10 13:38:09,838 -INFO -LoggingUtils -Line[36]: name.find(voice.mp3) : -1
2026-01-10 13:38:09,838 -INFO -LoggingUtils -Line[36]: ClientUtils.is_xp() : False
2026-01-10 13:38:09,840 -INFO -LoggingUtils -Line[36]: name.find(voice.mp3) : -1
2026-01-10 13:38:09,840 -INFO -LoggingUtils -Line[36]: ClientUtils.is_xp() : False
2026-01-10 13:38:09,841 -INFO -LoggingUtils -Line[36]: name.find(voice.mp3) : -1
2026-01-10 13:38:09,841 -INFO -LoggingUtils -Line[36]: ClientUtils.is_xp() : False
2026-01-10 13:38:09,842 -INFO -LoggingUtils -Line[36]: name.find(voice.mp3) : -1
2026-01-10 13:38:09,842 -INFO -LoggingUtils -Line[36]: ClientUtils.is_xp() : False
2026-01-10 13:38:09,843 -INFO -LoggingUtils -Line[36]: name.find(voice.mp3) : -1
2026-01-10 13:38:09,843 -INFO -LoggingUtils -Line[36]: ClientUtils.is_xp() : False
2026-01-10 13:38:09,845 -INFO -LoggingUtils -Line[36]: name.find(voice.mp3) : -1
2026-01-10 13:38:09,845 -INFO -LoggingUtils -Line[36]: ClientUtils.is_xp() : False
2026-01-10 13:38:09,846 -INFO -LoggingUtils -Line[36]: name.find(voice.mp3) : -1
2026-01-10 13:38:09,846 -INFO -LoggingUtils -Line[36]: ClientUtils.is_xp() : False
2026-01-10 13:38:09,848 -INFO -LoggingUtils -Line[36]: name.find(voice.mp3) : -1
2026-01-10 13:38:09,848 -INFO -LoggingUtils -Line[36]: ClientUtils.is_xp() : False
2026-01-10 13:38:09,849 -INFO -LoggingUtils -Line[36]: name.find(voice.mp3) : -1
2026-01-10 13:38:09,849 -INFO -LoggingUtils -Line[36]: ClientUtils.is_xp() : False
2026-01-10 13:38:09,850 -INFO -LoggingUtils -Line[36]: name.find(voice.mp3) : -1
2026-01-10 13:38:09,850 -INFO -LoggingUtils -Line[36]: ClientUtils.is_xp() : False
2026-01-10 13:38:09,852 -INFO -LoggingUtils -Line[36]: name.find(voice.mp3) : -1
2026-01-10 13:38:09,852 -INFO -LoggingUtils -Line[36]: ClientUtils.is_xp() : False
2026-01-10 13:38:09,853 -INFO -LoggingUtils -Line[36]: name.find(voice.mp3) : -1
2026-01-10 13:38:09,853 -INFO -LoggingUtils -Line[36]: ClientUtils.is_xp() : False
2026-01-10 13:38:09,855 -INFO -LoggingUtils -Line[36]: name.find(voice.mp3) : -1
2026-01-10 13:38:09,855 -INFO -LoggingUtils -Line[36]: ClientUtils.is_xp() : False
2026-01-10 13:38:09,856 -INFO -LoggingUtils -Line[36]: name.find(voice.mp3) : -1
2026-01-10 13:38:09,856 -INFO -LoggingUtils -Line[36]: ClientUtils.is_xp() : False
2026-01-10 13:38:09,858 -INFO -LoggingUtils -Line[36]: name.find(voice.mp3) : -1
2026-01-10 13:38:09,858 -INFO -LoggingUtils -Line[36]: ClientUtils.is_xp() : False
2026-01-10 13:38:09,859 -INFO -LoggingUtils -Line[36]: name.find(voice.mp3) : -1
2026-01-10 13:38:09,859 -INFO -LoggingUtils -Line[36]: ClientUtils.is_xp() : False
2026-01-10 13:38:09,860 -INFO -LoggingUtils -Line[36]: name.find(voice.mp3) : -1
2026-01-10 13:38:09,860 -INFO -LoggingUtils -Line[36]: ClientUtils.is_xp() : False
2026-01-10 13:38:09,862 -INFO -LoggingUtils -Line[36]: name.find(voice.mp3) : -1
2026-01-10 13:38:09,862 -INFO -LoggingUtils -Line[36]: ClientUtils.is_xp() : False
2026-01-10 13:38:09,863 -INFO -LoggingUtils -Line[36]: name.find(voice.mp3) : -1
2026-01-10 13:38:09,863 -INFO -LoggingUtils -Line[36]: ClientUtils.is_xp() : False
2026-01-10 13:38:09,864 -INFO -LoggingUtils -Line[36]: name.find(voice.mp3) : -1
2026-01-10 13:38:09,864 -INFO -LoggingUtils -Line[36]: ClientUtils.is_xp() : False
2026-01-10 13:38:09,866 -INFO -LoggingUtils -Line[36]: name.find(voice.mp3) : -1
2026-01-10 13:38:09,866 -INFO -LoggingUtils -Line[36]: ClientUtils.is_xp() : False
2026-01-10 13:38:09,867 -INFO -LoggingUtils -Line[36]: name.find(voice.mp3) : -1
2026-01-10 13:38:09,867 -INFO -LoggingUtils -Line[36]: ClientUtils.is_xp() : False
2026-01-10 13:38:09,869 -INFO -LoggingUtils -Line[36]: name.find(voice.mp3) : -1
2026-01-10 13:38:09,869 -INFO -LoggingUtils -Line[36]: ClientUtils.is_xp() : False
2026-01-10 13:38:09,870 -INFO -LoggingUtils -Line[36]: name.find(voice.mp3) : -1
2026-01-10 13:38:09,870 -INFO -LoggingUtils -Line[36]: ClientUtils.is_xp() : False
2026-01-10 13:38:09,872 -INFO -LoggingUtils -Line[36]: name.find(voice.mp3) : -1
2026-01-10 13:38:09,872 -INFO -LoggingUtils -Line[36]: ClientUtils.is_xp() : False
2026-01-10 13:38:09,873 -INFO -LoggingUtils -Line[36]: name.find(voice.mp3) : -1
2026-01-10 13:38:09,873 -INFO -LoggingUtils -Line[36]: ClientUtils.is_xp() : False
2026-01-10 13:38:09,875 -INFO -LoggingUtils -Line[36]: name.find(voice.mp3) : -1
2026-01-10 13:38:09,875 -INFO -LoggingUtils -Line[36]: ClientUtils.is_xp() : False
2026-01-10 13:38:09,876 -INFO -LoggingUtils -Line[36]: name.find(voice.mp3) : -1
2026-01-10 13:38:09,876 -INFO -LoggingUtils -Line[36]: ClientUtils.is_xp() : False
2026-01-10 13:38:09,877 -INFO -LoggingUtils -Line[36]: name.find(voice.mp3) : -1
2026-01-10 13:38:09,878 -INFO -LoggingUtils -Line[36]: ClientUtils.is_xp() : False
2026-01-10 13:38:09,879 -INFO -LoggingUtils -Line[36]: name.find(voice.mp3) : -1
2026-01-10 13:38:09,879 -INFO -LoggingUtils -Line[36]: ClientUtils.is_xp() : False
2026-01-10 13:38:09,880 -INFO -LoggingUtils -Line[36]: name.find(voice.mp3) : -1
2026-01-10 13:38:09,880 -INFO -LoggingUtils -Line[36]: ClientUtils.is_xp() : False
2026-01-10 13:38:09,882 -INFO -LoggingUtils -Line[36]: name.find(voice.mp3) : -1
2026-01-10 13:38:09,882 -INFO -LoggingUtils -Line[36]: ClientUtils.is_xp() : False
2026-01-10 13:38:09,883 -INFO -LoggingUtils -Line[36]: name.find(voice.mp3) : -1
2026-01-10 13:38:09,883 -INFO -LoggingUtils -Line[36]: ClientUtils.is_xp() : False
2026-01-10 13:38:09,885 -INFO -LoggingUtils -Line[36]: name.find(voice.mp3) : -1
2026-01-10 13:38:09,885 -INFO -LoggingUtils -Line[36]: ClientUtils.is_xp() : False
2026-01-10 13:38:09,886 -INFO -LoggingUtils -Line[36]: name.find(voice.mp3) : -1
2026-01-10 13:38:09,886 -INFO -LoggingUtils -Line[36]: ClientUtils.is_xp() : False
2026-01-10 13:38:09,888 -INFO -LoggingUtils -Line[36]: name.find(voice.mp3) : -1
2026-01-10 13:38:09,888 -INFO -LoggingUtils -Line[36]: ClientUtils.is_xp() : False
2026-01-10 13:38:09,889 -INFO -LoggingUtils -Line[36]: name.find(voice.mp3) : -1
2026-01-10 13:38:09,889 -INFO -LoggingUtils -Line[36]: ClientUtils.is_xp() : False
2026-01-10 13:38:09,890 -INFO -LoggingUtils -Line[36]: name.find(voice.mp3) : -1
2026-01-10 13:38:09,890 -INFO -LoggingUtils -Line[36]: ClientUtils.is_xp() : False
2026-01-10 13:38:09,891 -INFO -LoggingUtils -Line[36]: name.find(voice.mp3) : -1
2026-01-10 13:38:09,891 -INFO -LoggingUtils -Line[36]: ClientUtils.is_xp() : False
2026-01-10 13:38:09,892 -INFO -LoggingUtils -Line[36]: name.find(voice.mp3) : -1
2026-01-10 13:38:09,893 -INFO -LoggingUtils -Line[36]: ClientUtils.is_xp() : False
2026-01-10 13:38:09,924 -INFO -LoggingUtils -Line[36]: name.find(voice.mp3) : 6
2026-01-10 13:38:09,924 -INFO -LoggingUtils -Line[36]: ClientUtils.is_xp() : False
2026-01-10 14:22:11,872 -INFO -LoggingUtils -Line[36]: [currentTime=2026-01-10 14:22:11][examStartTime=2026-01-10 14:00:00][examEndTime=2026-01-10 14:35:00][minExamMinite=34]
2026-01-10 14:24:26,052 -INFO -LoggingUtils -Line[36]: [currentTime=2026-01-10 14:24:26][examStartTime=2026-01-10 14:00:00][examEndTime=2026-01-10 14:35:00][minExamMinite=34]
2026-01-10 14:26:04,302 -INFO -LoggingUtils -Line[36]: [currentTime=2026-01-10 14:26:04][examStartTime=2026-01-10 14:00:00][examEndTime=2026-01-10 14:35:00][minExamMinite=34]
2026-01-10 14:34:01,512 -INFO -LoggingUtils -Line[36]: [currentTime=2026-01-10 14:34:01][examStartTime=2026-01-10 14:00:00][examEndTime=2026-01-10 14:35:00][minExamMinite=34]
2026-01-10 14:35:00,552 -INFO -LoggingUtils -Line[36]: [currentTime=2026-01-10 14:35:00][examStartTime=2026-01-10 14:00:00][examEndTime=2026-01-10 14:35:00][minExamMinite=34]
2026-01-10 14:35:00,553 -ERROR -LoggingUtils -Line[34]: TypeError: Cannot read property 'stop' of undefined
    at Object.Exam._finishExam (file:///C://Users/EZEN/AppData/Local/Temp/_MEI17842/Scripts/clientservice.js:3514:13)
    at Object.Exam.finishExam (file:///C://Users/EZEN/AppData/Local/Temp/_MEI17842/Scripts/clientservice.js:3497:19)
    at file:///C://Users/EZEN/AppData/Local/Temp/_MEI17842/Scripts/clientservice.js:2896:34
